0	1	-1
0.979092955589	-0.059685036540	0.194458350539	-0.473963022232
0.058989945799	0.998214423656	0.009368536994	0.003724455833
-0.194670245051	0.002298396546	0.980865955353	0.107057571411
0.000000000000	0.000000000000	0.000000000000	1.000000000000
0	2	-1
0.866331517696	-0.020407279953	0.499054580927	-0.580622792244
0.059339579195	0.996294021606	-0.062269747257	-0.042250245810
-0.495933771133	0.083560049534	0.864330947399	0.106105566025
0.000000000000	0.000000000000	0.000000000000	1.000000000000
0	5	-1
0.466795623302	-0.017565226182	0.884190440178	-0.719193935394
0.237445071340	0.965581059456	-0.106173455715	0.016241401434
-0.851893067360	0.259508222342	0.454899698496	-0.059350013733
0.000000000000	0.000000000000	0.000000000000	1.000000000000
0	6	-1
0.733316063881	-0.136832743883	0.665976047516	-0.719475150108
0.215379253030	0.975842118263	-0.036659490317	0.037969589233
-0.644870996475	0.170320674777	0.745071828365	0.174395322800
0.000000000000	0.000000000000	0.000000000000	1.000000000000
0	7	-1
0.691301584244	0.005030144006	0.722549259663	-0.727891325951
0.029659353197	0.998935461044	-0.035330835730	-0.067593187094
-0.721957564354	0.045854616910	0.690416276455	0.456315755844
0.000000000000	0.000000000000	0.000000000000	1.000000000000
0	34	-1
0.596118927002	0.420089602470	-0.684226751328	0.791186034679
-0.293315380812	0.907239735126	0.301465928555	-0.197313517332
0.747400701046	0.020985012874	0.664041876793	0.574129104614
0.000000000000	0.000000000000	0.000000000000	1.000000000000
0	35	-1
0.869981408119	0.273889809847	-0.410021156073	1.017210364342
-0.205414608121	0.957263708115	0.203594520688	-0.209944576025
0.448260784149	-0.092898763716	0.889062345028	0.567664146423
0.000000000000	0.000000000000	0.000000000000	1.000000000000
0	36	-1
0.983923614025	0.099437415600	-0.148343831301	0.972070634365
-0.080873034894	0.988686680794	0.126325473189	-0.155965238810
0.159227073193	-0.112297609448	0.980834305286	0.424435973167
0.000000000000	0.000000000000	0.000000000000	1.000000000000
0	37	-1
0.988137304783	0.137162655592	-0.069077827036	1.066256284714
-0.124809116125	0.979323148727	0.159212440252	-0.172892689705
0.089487746358	-0.148702263832	0.984824657440	0.403602242470
0.000000000000	0.000000000000	0.000000000000	1.000000000000
0	38	-1
0.993433177471	0.035905506462	0.108631320298	0.943250298500
-0.049535185099	0.990856349468	0.125495880842	-0.132421940565
-0.103132538497	-0.130053028464	0.986128687859	0.376753330231
0.000000000000	0.000000000000	0.000000000000	1.000000000000
0	45	-1
0.855601429939	-0.095352798700	0.508776187897	0.373561918736
0.263640135527	0.926124572754	-0.269790291786	-0.017294168472
-0.445465266705	0.364967107773	0.817532718182	-0.023905038834
0.000000000000	0.000000000000	0.000000000000	1.000000000000
0	46	-1
0.845941781998	-0.109042428434	0.522007703781	0.175981462002
0.161022990942	0.985411643982	-0.055103532970	-0.075649499893
-0.508383691311	0.130669981241	0.851158916950	0.217298030853
0.000000000000	0.000000000000	0.000000000000	1.000000000000
0	47	-1
0.735494554043	-0.369493275881	0.567910075188	-0.228773236275
0.243727266788	0.926382780075	0.287074357271	-0.046696573496
-0.632174372673	-0.072726368904	0.771405339241	0.382332563400
0.000000000000	0.000000000000	0.000000000000	1.000000000000
0	48	-1
0.684435784817	-0.452472090721	0.571679055691	-0.560458242893
0.220019608736	0.875746548176	0.429719090462	0.012986063957
-0.695081830025	-0.168335095048	0.698945462704	0.304896950722
0.000000000000	0.000000000000	0.000000000000	1.000000000000
0	49	-1
0.720564663410	-0.369286388159	0.586868047714	-0.606532812119
0.225485578179	0.925171792507	0.305309355259	-0.105576634407
-0.655700504780	-0.087664581835	0.749915003777	0.563473105431
0.000000000000	0.000000000000	0.000000000000	1.000000000000
1	2	-1
0.946269571781	0.014854680747	0.323036372662	-0.118816673756
0.012936151586	0.996406197548	-0.083713628352	-0.051899015903
-0.323118984699	0.083394534886	0.942676663399	-0.022837877274
0.000000000000	0.000000000000	0.000000000000	1.000000000000
1	3	-1
0.709437727928	-0.159650027752	0.686447441578	-0.153401196003
0.218751117587	0.975780248642	0.000863855472	0.011335402727
-0.669960081577	0.149548456073	0.727178692818	-0.030065774918
0.000000000000	0.000000000000	0.000000000000	1.000000000000
1	5	-1
0.634339213371	0.005611467641	0.773034453392	-0.219018280506
0.190153002739	0.968117892742	-0.163063600659	0.019126564264
-0.749303400517	0.250432103872	0.613048076630	-0.207588911057
0.000000000000	0.000000000000	0.000000000000	1.000000000000
1	6	-1
0.856062352657	-0.108183100820	0.505423188210	-0.250948131084
0.166444674134	0.983461499214	-0.071411900222	0.040007054806
-0.489338964224	0.145258009434	0.859911203384	0.015382051468
0.000000000000	0.000000000000	0.000000000000	1.000000000000
1	7	-1
0.826091587543	0.064865097404	0.559790849686	-0.290409922600
-0.026344798505	0.996712803841	-0.076615288854	-0.065492153168
-0.562920570374	0.048543628305	0.825084269047	0.284321546555
0.000000000000	0.000000000000	0.000000000000	1.000000000000
1	34	-1
0.416460722685	0.448129087687	-0.791037917137	1.154210329056
-0.327176600695	0.885660767555	0.329483926296	-0.248282551765
0.848242580891	0.121592268348	0.515460550785	0.706717491150
0.000000000000	0.000000000000	0.000000000000	1.000000000000
1	35	-1
0.752290725708	0.339617252350	-0.564552128315	1.363259553909
-0.256851643324	0.940281569958	0.223378390074	-0.291157931089
0.606700956821	-0.023039292544	0.794596493244	0.739764809608
0.000000000000	0.000000000000	0.000000000000	1.000000000000
1	36	-1
0.923330128193	0.181566387415	-0.338370412588	1.371661424637
-0.141122221947	0.979937493801	0.140737012029	-0.255700469017
0.357135027647	-0.082195512950	0.930429160595	0.609521031380
0.000000000000	0.000000000000	0.000000000000	1.000000000000
1	37	-1
0.941294431686	0.219033241272	-0.256884396076	1.464588999748
-0.184133648872	0.970900297165	0.153125196695	-0.244823455811
0.282948821783	-0.096834875643	0.954234182835	0.596560001373
0.000000000000	0.000000000000	0.000000000000	1.000000000000
1	38	-1
0.992214798927	0.113195985556	-0.051932480186	1.274601817131
-0.106184341013	0.986810922623	0.122184090316	-0.216984987259
0.065078273416	-0.115718111396	0.991147875786	0.532616376877
0.000000000000	0.000000000000	0.000000000000	1.000000000000
1	45	-1
0.926260352135	-0.083058968186	0.367617994547	0.742269992828
0.202648848295	0.932170510292	-0.299986004829	-0.081706002355
-0.317765861750	0.352362513542	0.880264520645	0.050910711288
0.000000000000	0.000000000000	0.000000000000	1.000000000000
1	46	-1
0.932191669941	-0.062729887664	0.356490135193	0.580913066864
0.098282821476	0.991733908653	-0.082490734756	-0.125882863998
-0.348368525505	0.111934103072	0.930650472641	0.241408109665
0.000000000000	0.000000000000	0.000000000000	1.000000000000
1	47	-1
0.852162480354	-0.297248363495	0.430654913187	0.162955045700
0.199805691838	0.945471107960	0.257218956947	-0.065431833267
-0.483629435301	-0.133145019412	0.865086913109	0.318928718567
0.000000000000	0.000000000000	0.000000000000	1.000000000000
1	48	-1
0.810812652111	-0.366044014692	0.456720292568	-0.149455189705
0.180263265967	0.898552179337	0.400136023760	0.011060953140
-0.556854903698	-0.242105424404	0.794542312622	0.178342103958
0.000000000000	0.000000000000	0.000000000000	1.000000000000
1	49	-1
0.843087017536	-0.290780514479	0.452383458614	-0.236058175564
0.184246003628	0.946481227875	0.265002220869	-0.085678398609
-0.505230545998	-0.140069857240	0.851541221142	0.420569896698
0.000000000000	0.000000000000	0.000000000000	1.000000000000
2	3	-1
0.892295300961	-0.198752000928	0.405348062515	0.004830896854
0.177562981844	0.980016469955	0.089656278491	0.023166000843
-0.415067672729	-0.008025416173	0.909755468369	-0.028912782669
0.000000000000	0.000000000000	0.000000000000	1.000000000000
2	5	-1
0.861614763737	-0.057978913188	0.504240572453	0.048070371151
0.121814765036	0.988040447235	-0.094542227685	0.029765009880
-0.492728382349	0.142883062363	0.858372569084	-0.188861370087
0.000000000000	0.000000000000	0.000000000000	1.000000000000
2	6	-1
0.974231362343	-0.133483812213	0.181812688708	-0.095945835114
0.133728921413	0.990957319736	0.010967114940	0.082406520844
-0.181632518768	0.013629064895	0.983272016048	-0.005506992340
0.000000000000	0.000000000000	0.000000000000	1.000000000000
2	7	-1
0.966376185417	0.065141677856	0.248741015792	-0.222733587027
-0.070162869990	0.997470617294	0.011364540085	-0.021074175835
-0.247371733189	-0.028435019776	0.968503177166	0.251565456390
0.000000000000	0.000000000000	0.000000000000	1.000000000000
2	8	-1
0.980897903442	-0.082469500601	0.176175132394	-0.561973810196
0.074880011380	0.995972335339	0.049313023686	-0.133990705013
-0.179532736540	-0.035179018974	0.983122706413	0.736117839813
0.000000000000	0.000000000000	0.000000000000	1.000000000000
2	35	-1
0.518223762512	0.355527251959	-0.777846217155	1.127733945847
-0.184577271342	0.934560120106	0.304184973240	-0.195445954800
0.835090160370	-0.014063278213	0.549933493137	1.201362252235
0.000000000000	0.000000000000	0.000000000000	1.000000000000
2	36	-1
0.782984554768	0.206999272108	-0.586588859558	1.156525611877
-0.092095546424	0.971190452576	0.219789698720	-0.143469393253
0.615185916424	-0.118069812655	0.779490709305	1.036767125130
0.000000000000	0.000000000000	0.000000000000	1.000000000000
2	37	-1
0.818656802177	0.247269809246	-0.518323302269	1.257954120636
-0.136702805758	0.960519611835	0.242309167981	-0.140768766403
0.557775855064	-0.127512007952	0.820138156414	1.061333656311
0.000000000000	0.000000000000	0.000000000000	1.000000000000
2	38	-1
0.905113995075	0.150039672852	-0.397814810276	1.209560632706
-0.072268038988	0.976339399815	0.203810736537	-0.094071149826
0.418981760740	-0.155722588301	0.894541621208	1.005163550377
0.000000000000	0.000000000000	0.000000000000	1.000000000000
2	45	-1
0.984520614147	-0.171714559197	0.035119060427	0.845413565636
0.175177440047	0.957566618919	-0.228865474463	0.007825374603
0.005670546088	0.231474727392	0.972824454308	0.371261596680
0.000000000000	0.000000000000	0.000000000000	1.000000000000
2	46	-1
0.994958639145	-0.092637799680	0.038416542113	0.582774758339
0.092539697886	0.995699167252	0.004329526797	-0.042402982712
-0.038652274758	-0.000752849912	0.999252438545	0.478509902954
0.000000000000	0.000000000000	0.000000000000	1.000000000000
2	47	-1
0.965030908585	-0.225751072168	0.133233264089	0.159439831972
0.169973105192	0.925824046135	0.337576627731	0.009739160538
-0.199559107423	-0.303126037121	0.931821167469	0.408728837967
0.000000000000	0.000000000000	0.000000000000	1.000000000000
2	48	-1
0.956281363964	-0.235637784004	0.173208877444	-0.060953348875
0.129611343145	0.872412443161	0.471271514893	0.074340164661
-0.262158781290	-0.428218573332	0.864813208580	0.171955585480
0.000000000000	0.000000000000	0.000000000000	1.000000000000
2	49	-1
0.965198874474	-0.205816745758	0.161338090897	-0.256111651659
0.140963762999	0.929095208645	0.341923266649	-0.000145435333
-0.220271840692	-0.307281047106	0.925774753094	0.377506732941
0.000000000000	0.000000000000	0.000000000000	1.000000000000
3	4	-1
0.942734003067	-0.022895425558	0.332760602236	0.284713864326
0.047800689936	0.996617972851	-0.066849730909	0.048359334469
-0.330105096102	0.078927844763	0.940639078617	-0.222246885300
0.000000000000	0.000000000000	0.000000000000	1.000000000000
3	5	-1
0.995754539967	0.075292281806	0.052958112210	0.166451916099
-0.064731508493	0.981772542000	-0.178696095943	-0.072019785643
-0.065447099507	0.174509316683	0.982478082180	-0.103780746460
0.000000000000	0.000000000000	0.000000000000	1.000000000000
3	6	-1
0.974499285221	0.027078753337	-0.222749918699	-0.097627133131
-0.037731621414	0.998331248760	-0.043707054108	0.099935978651
0.221195161343	0.050996910781	0.973895370960	-0.035620927811
0.000000000000	0.000000000000	0.000000000000	1.000000000000
3	7	-1
0.963040232658	0.227359339595	-0.144432634115	-0.333657234907
-0.236506447196	0.970371246338	-0.049451909959	0.005978882313
0.128909483552	0.081783547997	0.988278210163	0.134220600128
0.000000000000	0.000000000000	0.000000000000	1.000000000000
3	38	-1
0.728201806545	0.308615863323	-0.611946940422	0.618799448013
-0.208443209529	0.950310587883	0.231216803193	-0.293019175529
0.652896940708	-0.040816377848	0.756346464157	1.231011986732
0.000000000000	0.000000000000	0.000000000000	1.000000000000
3	39	-1
0.967160940170	0.103304892778	-0.232226461172	0.827019333839
-0.060597743839	0.981048464775	0.184042960405	-0.446937561035
0.246838122606	-0.163926765323	0.955091178417	1.321656465530
0.000000000000	0.000000000000	0.000000000000	1.000000000000
3	43	-1
0.893126845360	-0.158539175987	0.420938253403	0.810488402843
0.168819576502	0.985561013222	0.013001035899	-0.316876947880
-0.416921526194	0.059451211244	0.906996011734	0.860751628876
0.000000000000	0.000000000000	0.000000000000	1.000000000000
3	45	-1
0.926706433296	-0.113486126065	-0.358239203691	0.632955372334
0.036148086190	0.975808799267	-0.215616360307	-0.278591811657
0.374042361975	0.186863481998	0.908390998840	0.699705123901
0.000000000000	0.000000000000	0.000000000000	1.000000000000
3	46	-1
0.946085870266	0.051788941026	-0.319749712944	0.278896719217
-0.062902428210	0.997718691826	-0.024520220235	-0.167418360710
0.317750453949	0.043311342597	0.947184741497	0.629035472870
0.000000000000	0.000000000000	0.000000000000	1.000000000000
3	47	-1
0.980389833450	0.066640831530	-0.185462132096	-0.047873660922
-0.009149705060	0.955466687679	0.294954985380	-0.045433700085
0.196859315038	-0.287474274635	0.937339603901	0.432328462601
0.000000000000	0.000000000000	0.000000000000	1.000000000000
3	48	-1
0.980036437511	0.134866625071	-0.146081358194	-0.054859220982
-0.058809205890	0.898511767387	0.434991478920	0.025794923306
0.189921915531	-0.417716741562	0.888505876064	0.171687364578
0.000000000000	0.000000000000	0.000000000000	1.000000000000
4	5	-1
0.986440479755	0.055551446974	-0.154431313276	-0.171415895224
-0.076543837786	0.988088786602	-0.133498266339	-0.034319996834
0.145175755024	0.143508777022	0.978942990303	0.037600278854
0.000000000000	0.000000000000	0.000000000000	1.000000000000
4	39	-1
0.107703320682	-0.505767166615	0.855920493603	-1.469960570335
0.372347444296	0.818788051605	0.436971366405	-0.335220456123
-0.921823024750	0.271636188030	0.276507377625	1.254894256592
0.000000000000	0.000000000000	0.000000000000	1.000000000000
4	40	-1
0.993818998337	0.009582730941	-0.110596090555	-0.053683318198
0.011490060017	0.982036590576	0.188340157270	-0.311556875706
0.110414281487	-0.188447102904	0.975856721401	1.472084999084
0.000000000000	0.000000000000	0.000000000000	1.000000000000
4	41	-1
0.934646427631	-0.177706986666	0.307986855507	0.044672548771
0.108290113509	0.967269718647	0.229482322931	-0.346542835236
-0.338687092066	-0.181133031845	0.923299312592	1.314311504364
0.000000000000	0.000000000000	0.000000000000	1.000000000000
4	42	-1
0.951954066753	-0.078444749117	0.296022236347	-0.047936081886
0.122868604958	0.983257889748	-0.134562849998	-0.400365531445
-0.280510455370	0.164469480515	0.945655107498	1.226974487305
0.000000000000	0.000000000000	0.000000000000	1.000000000000
4	43	-1
0.989055693150	-0.105249613523	0.103399962187	0.031657002866
0.100853100419	0.993795871735	0.046877130866	-0.251870065928
-0.107692159712	-0.035935491323	0.993534684181	1.157357215881
0.000000000000	0.000000000000	0.000000000000	1.000000000000
4	45	-1
-0.924239635468	-0.068510591984	0.375615686178	-0.384070336819
0.159982711077	0.823756575584	0.543903052807	-1.981438875198
-0.346678972244	0.562788665295	-0.750388324261	4.383126258850
0.000000000000	0.000000000000	0.000000000000	1.000000000000
4	46	-1
-0.216919317842	-0.181614354253	0.959146440029	-1.786375284195
0.442453771830	0.857531428337	0.262438535690	-0.642648100853
-0.870161116123	0.481306344271	-0.105659142137	2.881585121155
0.000000000000	0.000000000000	0.000000000000	1.000000000000
4	47	-1
-0.001000540564	-0.499238431454	0.866464376450	-1.674508333206
0.379632920027	0.801409542561	0.462193280458	-0.489500463009
-0.925136923790	0.329400420189	0.188725262880	2.638629198074
0.000000000000	0.000000000000	0.000000000000	1.000000000000
4	48	-1
-0.998215436935	-0.058897718787	0.009752793238	0.399137824774
-0.015507777222	0.098057933152	-0.995059967041	3.567197322845
0.057650569826	-0.993436217308	-0.098796620965	2.434736967087
0.000000000000	0.000000000000	0.000000000000	1.000000000000
5	6	-1
0.952731549740	-0.004509129096	-0.303780078888	-0.224687457085
0.050206866115	0.988478541374	0.142789274454	0.086827516556
0.299637198448	-0.151291593909	0.941980838776	0.058517932892
0.000000000000	0.000000000000	0.000000000000	1.000000000000
5	7	-1
0.966960430145	0.186805263162	-0.173467203975	-0.589353799820
-0.163016304374	0.976259768009	0.142621040344	0.024132668972
0.195991441607	-0.109631098807	0.974457800388	0.194069862366
0.000000000000	0.000000000000	0.000000000000	1.000000000000
5	38	-1
0.724669992924	0.253989994526	-0.640580356121	0.272164523602
-0.041928712279	0.944124519825	0.326912462711	0.043715476990
0.687820076942	-0.210044845939	0.694827556610	1.347772121429
0.000000000000	0.000000000000	0.000000000000	1.000000000000
5	39	-1
-0.450224459171	-0.412337303162	0.792007505894	-1.578351974487
-0.322461098433	0.902214050293	0.286406636238	-0.009617209435
-0.832656383514	-0.126444533467	-0.539161443710	4.012817382812
0.000000000000	0.000000000000	0.000000000000	1.000000000000
5	43	-1
0.892632007599	-0.255105257034	0.371659219265	0.222715318203
0.189098268747	0.960322856903	0.204994201660	-0.033334910870
-0.409207761288	-0.112704291940	0.905453920364	1.122473478317
0.000000000000	0.000000000000	0.000000000000	1.000000000000
5	45	-1
0.889703810215	-0.170680299401	-0.423432081938	0.341772973537
0.138559862971	0.984688043594	-0.105776540935	0.055392682552
0.435003072023	0.035439513624	0.899731040001	0.836702823639
0.000000000000	0.000000000000	0.000000000000	1.000000000000
5	46	-1
0.906017422676	0.028511304408	-0.422279775143	0.087758839130
0.040295895189	0.987384974957	0.153121858835	-0.014484167099
0.421318352222	-0.155747279525	0.893439292908	0.810811281204
0.000000000000	0.000000000000	0.000000000000	1.000000000000
5	47	-1
0.964192986488	0.036561701447	-0.262668490410	-0.244732677937
0.090503424406	0.885628700256	0.455490022898	0.073400557041
0.249279901385	-0.462952762842	0.850608348846	0.529036521912
0.000000000000	0.000000000000	0.000000000000	1.000000000000
5	48	-1
0.968337357044	0.112968556583	-0.222624436021	-0.238587856293
0.040689744055	0.808413684368	0.587207317352	0.085100829601
0.246307969093	-0.577673077583	0.778220057487	0.255497694016
0.000000000000	0.000000000000	0.000000000000	1.000000000000
5	49	-1
0.961647212505	0.082399234176	-0.261620640755	-0.562107264996
0.051730528474	0.882210016251	0.468005418777	0.063618838787
0.269367843866	-0.463589936495	0.844112157822	0.325587272644
0.000000000000	0.000000000000	0.000000000000	1.000000000000
6	7	-1
0.977486848831	0.194224968553	0.082430005074	-0.211606144905
-0.193326175213	0.980953693390	-0.018823353574	-0.057408690453
-0.084516391158	0.002463717479	0.996418952942	0.215044260025
0.000000000000	0.000000000000	0.000000000000	1.000000000000
6	35	-1
0.312315225601	0.480337411165	-0.819594919682	0.942067503929
-0.251133680344	0.873804390430	0.416409999132	-0.425352394581
0.916183173656	0.075776211917	0.393531501293	1.430094838142
0.000000000000	0.000000000000	0.000000000000	1.000000000000
6	36	-1
0.625911474228	0.361757040024	-0.690917074680	1.007766962051
-0.192806258798	0.930188179016	0.312370687723	-0.386950612068
0.755685389042	-0.062303423882	0.651964426041	1.277049779892
0.000000000000	0.000000000000	0.000000000000	1.000000000000
6	37	-1
0.695086181164	0.387822449207	-0.605349898338	1.076677799225
-0.244074076414	0.919308304787	0.308706998825	-0.368616372347
0.676226496696	-0.066828072071	0.733656108379	1.247773408890
0.000000000000	0.000000000000	0.000000000000	1.000000000000
6	38	-1
0.867339253426	0.247631147504	-0.431742429733	0.914938092232
-0.159795179963	0.960067093372	0.229642733932	-0.263864815235
0.471368819475	-0.130187645555	0.872274398804	1.070973038673
0.000000000000	0.000000000000	0.000000000000	1.000000000000
6	39	-1
-0.246946811676	0.498193293810	-0.831155717373	0.665294408798
-0.165645360947	0.823393583298	0.542756795883	-0.319118201733
0.954766213894	0.271708995104	-0.120810434222	1.155617356300
0.000000000000	0.000000000000	0.000000000000	1.000000000000
6	44	-1
-0.601316213608	0.599088728428	0.528688013554	-1.875951290131
0.174001812935	0.743982255459	-0.645146310329	1.756471037865
-0.779834091663	-0.295944541693	-0.551611125469	3.742988348007
0.000000000000	0.000000000000	0.000000000000	1.000000000000
6	45	-1
0.979992866516	-0.065841414034	-0.187826544046	0.837853968143
0.031979281455	0.983526110649	-0.177916005254	-0.318612575531
0.196446612477	0.168349906802	0.965954005718	0.601348400116
0.000000000000	0.000000000000	0.000000000000	1.000000000000
6	46	-1
0.990455865860	0.036951452494	-0.132789924741	0.532843470573
-0.035148181021	0.999256014824	0.015901802108	-0.214347362518
0.133278936148	-0.011082583107	0.991016924381	0.593257188797
0.000000000000	0.000000000000	0.000000000000	1.000000000000
6	47	-1
0.999247789383	-0.037188455462	0.011013672687	0.138410776854
0.031515434384	0.944044351578	0.328308641911	-0.100351870060
-0.022606609389	-0.327714920044	0.944506168365	0.453677892685
0.000000000000	0.000000000000	0.000000000000	1.000000000000
6	48	-1
0.997808933258	-0.023671919480	0.061787161976	0.026019454002
-0.007111470681	0.890035927296	0.455834835768	-0.011746227741
-0.065783008933	-0.455275416374	0.887917280197	0.184346675873
0.000000000000	0.000000000000	0.000000000000	1.000000000000
6	49	-1
0.998165845871	-0.029184781015	0.053035981953	-0.281589627266
0.010578604415	0.946725726128	0.321868300438	-0.035310655832
-0.059604011476	-0.320716708899	0.945298016071	0.332185029984
0.000000000000	0.000000000000	0.000000000000	1.000000000000
7	37	-1
0.677420020103	0.197607904673	-0.708557307720	1.225941896439
-0.092507541180	0.978479981422	0.184444099665	-0.040687978268
0.729756712914	-0.059399057180	0.681122004986	1.117908477783
0.000000000000	0.000000000000	0.000000000000	1.000000000000
7	38	-1
0.830534934998	0.077002294362	-0.551618397236	1.085624456406
0.001552092843	0.990073323250	0.140544578433	0.028445363045
0.556964993477	-0.117583304644	0.822170495987	0.950520038605
0.000000000000	0.000000000000	0.000000000000	1.000000000000
7	39	-1
-0.240795493126	0.294369548559	-0.924858570099	0.831596791744
-0.225859880447	0.909741699696	0.348362863064	-0.045827448368
0.943930387497	0.292772144079	-0.152575358748	0.987964749336
0.000000000000	0.000000000000	0.000000000000	1.000000000000
7	44	-1
0.925390779972	-0.326450884342	0.192566305399	0.746968269348
0.334088027477	0.942510306835	-0.007680046838	0.268582224846
-0.178988724947	0.071441076696	0.981253981590	0.283293008804
0.000000000000	0.000000000000	0.000000000000	1.000000000000
7	45	-1
0.935266077518	-0.265499979258	-0.234065666795	1.050961613655
0.219550907612	0.953881204128	-0.204714775085	-0.053819656372
0.277622610331	0.140073373914	0.950423598289	0.455837726593
0.000000000000	0.000000000000	0.000000000000	1.000000000000
7	46	-1
0.968512654305	-0.173183560371	-0.178860291839	0.655913352966
0.175202056766	0.984522223473	-0.004571410362	-0.000308156013
0.176883190870	-0.026908939704	0.983864128590	0.387436389923
0.000000000000	0.000000000000	0.000000000000	1.000000000000
7	47	-1
0.970087230206	-0.220852509141	-0.100773453712	0.255254238844
0.241933122277	0.913733899593	0.326432913542	0.036543011665
0.019986696541	-0.341048896313	0.939833045006	0.222678899765
0.000000000000	0.000000000000	0.000000000000	1.000000000000
7	48	-1
0.978700578213	-0.190736666322	-0.075928069651	0.154942169785
0.204039990902	0.862935483456	0.462287575006	0.100631058216
-0.022654145956	-0.467933595181	0.883473336697	-0.039899826050
0.000000000000	0.000000000000	0.000000000000	1.000000000000
7	49	-1
0.975949525833	-0.205601066351	-0.072464719415	-0.129610240459
0.217997521162	0.920810699463	0.323395699263	0.027445703745
0.000235402229	-0.331415086985	0.943485021591	0.092956304550
0.000000000000	0.000000000000	0.000000000000	1.000000000000
8	37	-1
0.698618292809	0.327164471149	-0.636314332485	1.723485469818
-0.212939709425	0.944107949734	0.251628965139	-0.161668419838
0.683073639870	-0.040295917541	0.729237198830	0.640412092209
0.000000000000	0.000000000000	0.000000000000	1.000000000000
8	38	-1
0.838759720325	0.232819825411	-0.492217421532	1.615824937820
-0.155988112092	0.968830347061	0.192448601127	-0.092464044690
0.521681427956	-0.084638282657	0.848932027817	0.515455961227
0.000000000000	0.000000000000	0.000000000000	1.000000000000
8	39	-1
-0.213795751333	0.509592652321	0.833430647850	-1.180680036545
-0.349192172289	0.756923258305	-0.552388548851	1.451454162598
-0.912335753441	-0.409125447273	0.016118802130	2.586663722992
0.000000000000	0.000000000000	0.000000000000	1.000000000000
8	44	-1
0.989276587963	-0.093234218657	0.112427540123	1.448938488960
0.095785364509	0.995248079300	-0.017495831475	-0.028678156435
-0.110262453556	0.028077160940	0.993506133556	-0.095390081406
0.000000000000	0.000000000000	0.000000000000	1.000000000000
8	45	-1
0.978769421577	-0.096345223486	-0.180911049247	1.466050148010
0.057471457869	0.976233243942	-0.208965361118	-0.138715043664
0.196744516492	0.194131508470	0.961043715477	-0.067742347717
0.000000000000	0.000000000000	0.000000000000	1.000000000000
8	46	-1
0.994650363922	-0.011344890110	-0.102672085166	1.085324048996
0.008613767102	0.999598205090	-0.027004690841	-0.004392758012
0.102937035263	0.025976059958	0.994348764420	-0.083337068558
0.000000000000	0.000000000000	0.000000000000	1.000000000000
8	47	-1
0.992890238762	-0.113263875246	0.036598350853	0.660377502441
0.098424218595	0.954149484634	0.282685548067	0.126603633165
-0.066938243806	-0.277073532343	0.958514392376	-0.220233201981
0.000000000000	0.000000000000	0.000000000000	1.000000000000
8	48	-1
0.990949273109	-0.108686819673	0.078791290522	0.543300032616
0.065122224391	0.902454316616	0.425834536552	0.188988268375
-0.117387175560	-0.416849225760	0.901364326477	-0.467436552048
0.000000000000	0.000000000000	0.000000000000	1.000000000000
8	49	-1
0.993115544319	-0.108181841671	0.044928465039	0.298200100660
0.091458313167	0.955734431744	0.279655963182	0.167608261108
-0.073192931712	-0.273621797562	0.959048688412	-0.306738615036
0.000000000000	0.000000000000	0.000000000000	1.000000000000
8	50	-1
0.996088325977	-0.004077345133	0.088267475367	-0.004889130592
0.009265673347	0.998248398304	-0.058443047106	-0.011711657047
-0.087874926627	0.059032902122	0.994380950928	0.030586481094
0.000000000000	0.000000000000	0.000000000000	1.000000000000
8	51	-1
0.999683558941	0.024375051260	-0.006241751835	-0.313935935497
-0.024544242769	0.999288499355	-0.028629910201	-0.102573692799
0.005539447069	0.028773888946	0.999570548534	0.252230644226
0.000000000000	0.000000000000	0.000000000000	1.000000000000
9	10	-1
0.998729825020	-0.045096471906	0.022461129352	-0.470745295286
0.039145372808	0.975270986557	0.217517167330	-0.076443374157
-0.031714957207	-0.216361820698	0.975797951221	0.539988994598
0.000000000000	0.000000000000	0.000000000000	1.000000000000
9	51	-1
0.998806893826	-0.028008144349	-0.039984941483	0.239030629396
0.033801428974	0.987729787827	0.152469277382	0.024239301682
0.035223793238	-0.153639063239	0.987498939037	-0.084862947464
0.000000000000	0.000000000000	0.000000000000	1.000000000000
9	52	-1
0.987984836102	-0.118488840759	0.099226415157	-0.287704437971
0.101781345904	0.981987237930	0.159194275737	-0.003874838352
-0.116301804781	-0.147181883454	0.982248067856	0.228827953339
0.000000000000	0.000000000000	0.000000000000	1.000000000000
9	53	-1
0.976108491421	-0.103907421231	0.190828680992	-0.620046794415
0.078538335860	0.987588226795	0.136015906930	-0.036611318588
-0.202593341470	-0.117778606713	0.972154438496	0.579337835312
0.000000000000	0.000000000000	0.000000000000	1.000000000000
10	11	-1
0.985518991947	-0.027563484386	-0.167315006256	0.132456988096
0.014004976489	0.996560454369	-0.081679441035	-0.104076728225
0.168991178274	0.078153334558	0.982514381409	0.407367706299
0.000000000000	0.000000000000	0.000000000000	1.000000000000
10	51	-1
0.995058894157	0.025472469628	-0.095965310931	0.823908686638
-0.030162410811	0.998403906822	-0.047740675509	0.155998811126
0.094596207142	0.050399634987	0.994239151478	-0.602846384048
0.000000000000	0.000000000000	0.000000000000	1.000000000000
10	52	-1
0.995526194572	-0.067048974335	0.066573321819	0.201499447227
0.070187225938	0.996473968029	-0.045973677188	0.081977620721
-0.063256025314	0.050440382212	0.996721863747	-0.275590658188
0.000000000000	0.000000000000	0.000000000000	1.000000000000
10	53	-1
0.986271440983	-0.050414994359	0.157256498933	-0.137951791286
0.062626466155	0.995312809944	-0.073689557612	0.010184958577
-0.152804136276	0.082526378334	0.984804868698	0.037655115128
0.000000000000	0.000000000000	0.000000000000	1.000000000000
10	54	-1
0.999185323715	0.013700727373	-0.037957593799	-0.109574764967
-0.021581523120	0.976211011410	-0.215743809938	-0.175647437572
0.034098781645	0.216386795044	0.975711882114	0.338828802109
0.000000000000	0.000000000000	0.000000000000	1.000000000000
11	12	-1
0.949391901493	0.056127127260	-0.309038370848	0.077140867710
-0.130262136459	0.965659677982	-0.224794819951	-0.082482308149
0.285808950663	0.253674209118	0.924101054668	0.143687009811
0.000000000000	0.000000000000	0.000000000000	1.000000000000
11	52	-1
0.975546479225	-0.013838132843	0.219357877970	0.001089794561
0.003934262320	0.998955786228	0.045521821827	0.057204931974
-0.219758555293	-0.043545663357	0.974581778049	-0.681758642197
0.000000000000	0.000000000000	0.000000000000	1.000000000000
11	53	-1
0.949253320694	-0.012944832444	0.314244449139	-0.303546428680
0.014043753967	0.999900460243	-0.001232403331	0.088483929634
-0.314197510481	0.005583044607	0.949341118336	-0.322595596313
0.000000000000	0.000000000000	0.000000000000	1.000000000000
11	54	-1
0.991641700268	0.061733964831	0.113295733929	-0.220885276794
-0.045416392386	0.988919615746	-0.141336783767	-0.057279046625
-0.120765857399	0.135009616613	0.983457267284	-0.017603397369
0.000000000000	0.000000000000	0.000000000000	1.000000000000
11	55	-1
0.995597600937	0.046128116548	-0.081596955657	-0.232449933887
-0.052767641842	0.995301544666	-0.081183679402	-0.062168657780
0.077468685806	0.085131987929	0.993353426456	-0.015268564224
0.000000000000	0.000000000000	0.000000000000	1.000000000000
12	52	-1
0.900353074074	-0.133735418320	0.414101988077	-0.050042390823
0.020988255739	0.963843226433	0.265643745661	0.048483252525
-0.434655576944	-0.230481922626	0.870604991913	-0.761474609375
0.000000000000	0.000000000000	0.000000000000	1.000000000000
12	54	-1
0.900734543800	-0.051570463926	0.431297659874	-0.391634702682
0.004011314828	0.993872940540	0.110459014773	0.003192901611
-0.434351205826	-0.097763895988	0.895422339439	-0.078260660172
0.000000000000	0.000000000000	0.000000000000	1.000000000000
12	55	-1
0.976989746094	-0.068229980767	0.202077671885	-0.316467761993
0.034086458385	0.985221743584	0.167853400111	-0.030492722988
-0.210543707013	-0.157103270292	0.964878261089	-0.057995557785
0.000000000000	0.000000000000	0.000000000000	1.000000000000
12	56	-1
0.966960728168	0.060119044036	-0.247737362981	-0.351187556982
0.047300178558	0.912610411644	0.406085699797	0.087360024452
0.250500738621	-0.404386490583	0.879614055157	-0.057608127594
0.000000000000	0.000000000000	0.000000000000	1.000000000000
13	14	-1
0.960923790932	0.054892186075	-0.271317690611	0.217173606157
-0.089026160538	0.989351928234	-0.115138441324	-0.028734266758
0.262108385563	0.134793549776	0.955578386784	0.123885154724
0.000000000000	0.000000000000	0.000000000000	1.000000000000
13	15	-1
0.778391122818	0.252578020096	-0.574727296829	0.382042467594
-0.157724425197	0.964809596539	0.210392266512	-0.057489633560
0.607642650604	-0.073118716478	0.790837407112	0.322233200073
0.000000000000	0.000000000000	0.000000000000	1.000000000000
13	54	-1
0.948617458344	0.127711758018	-0.289506793022	2.258078575134
-0.167050823569	0.979169011116	-0.115424074233	-0.154549375176
0.268735021353	0.157855734229	0.950191140175	0.304955720901
0.000000000000	0.000000000000	0.000000000000	1.000000000000
13	55	-1
0.957760810852	0.083202034235	-0.275265544653	1.878567814827
-0.094837933779	0.995064437389	-0.029210723937	-0.126749217510
0.271476447582	0.054082617164	0.960924386978	0.014850616455
0.000000000000	0.000000000000	0.000000000000	1.000000000000
13	56	-1
0.971745729446	-0.113307893276	0.207055181265	-0.479083895683
0.071124844253	0.977033376694	0.200864747167	0.084244161844
-0.225059419870	-0.180462688208	0.957486987114	0.003354072571
0.000000000000	0.000000000000	0.000000000000	1.000000000000
13	57	-1
0.972021818161	0.094209775329	-0.215171098709	-0.366993457079
-0.044092822820	0.972942292690	0.226803466678	0.015712916851
0.230716377497	-0.210970491171	0.949874758720	0.234575748444
0.000000000000	0.000000000000	0.000000000000	1.000000000000
14	15	-1
0.922914803028	0.104048825800	-0.370678484440	0.230120897293
-0.003436521627	0.964976012707	0.262312442064	0.045152068138
0.384989619255	-0.240818098187	0.890948593616	0.174051284790
0.000000000000	0.000000000000	0.000000000000	1.000000000000
14	18	-1
0.561652421951	0.219286993146	-0.797784209251	0.599382877350
-0.046587008983	0.971089661121	0.234125539660	0.094342350960
0.826061308384	-0.094330586493	0.555630683899	0.225628137589
0.000000000000	0.000000000000	0.000000000000	1.000000000000
14	56	-1
0.869625210762	-0.254385024309	0.423132598400	-0.691333353519
0.096893422306	0.928310751915	0.358959138393	0.013125538826
-0.484112054110	-0.271160960197	0.831929862499	0.065531492233
0.000000000000	0.000000000000	0.000000000000	1.000000000000
14	57	-1
0.996437132359	-0.081619694829	0.021270141006	-0.552039861679
0.069759517908	0.939236938953	0.336106806993	0.029306054115
-0.047410834581	-0.333425194025	0.941583931446	0.257556915283
0.000000000000	0.000000000000	0.000000000000	1.000000000000
15	18	-1
0.796819806099	0.170335143805	-0.579710245132	0.440799355507
-0.184504464269	0.982208609581	0.034996934235	-0.032093942165
0.575357198715	0.079072847962	0.814070940018	0.026367425919
0.000000000000	0.000000000000	0.000000000000	1.000000000000
15	56	-1
0.753604769707	-0.321826875210	0.573155522346	-0.626977682114
0.280704051256	0.946006238461	0.162103861570	0.036483675241
-0.594378113747	0.038725055754	0.803252518177	-0.162724733353
0.000000000000	0.000000000000	0.000000000000	1.000000000000
15	57	-1
0.886093795300	-0.218127176166	0.408970773220	-0.746236979961
0.190351679921	0.975757360458	0.108003571630	-0.117760866880
-0.422614276409	-0.017853079364	0.906133830547	0.387878894806
0.000000000000	0.000000000000	0.000000000000	1.000000000000
15	62	-1
-0.008980168961	0.436057209969	-0.899873971939	0.766223907471
-0.246478542686	0.871178984642	0.424611836672	-1.042436480522
0.969106554985	0.225612878799	0.099655248225	2.883464336395
0.000000000000	0.000000000000	0.000000000000	1.000000000000
16	17	-1
0.995182275772	-0.059999998659	-0.077537938952	0.104123666883
0.053609605879	0.995187580585	-0.082023352385	-0.070265114307
0.082086287439	0.077471569180	0.993609607220	-0.147294044495
0.000000000000	0.000000000000	0.000000000000	1.000000000000
16	61	-1
0.652323901653	-0.370362579823	0.661290526390	-0.072570741177
0.122764304280	0.912591993809	0.390006154776	-0.022740960121
-0.747931897640	-0.173227399588	0.640772879124	1.499579191208
0.000000000000	0.000000000000	0.000000000000	1.000000000000
17	18	-1
0.923308849335	0.137996479869	-0.358409523964	0.259295940399
0.005229163915	0.928613603115	0.371010243893	0.029130280018
0.384022116661	-0.344431638718	0.856676161289	0.233058929443
0.000000000000	0.000000000000	0.000000000000	1.000000000000
17	19	-1
0.824303448200	0.183113038540	-0.535717308521	0.078009843826
0.015721742064	0.938480556011	0.344971776009	0.029726564884
0.565929651260	-0.292784452438	0.770714581013	0.082238197327
0.000000000000	0.000000000000	0.000000000000	1.000000000000
17	64	-1
0.186785414815	0.533892214298	-0.824663698673	0.680424630642
0.073937475681	0.829416155815	0.553715765476	0.031329631805
0.979614555836	-0.164399668574	0.115448325872	2.334396839142
0.000000000000	0.000000000000	0.000000000000	1.000000000000
18	19	-1
0.979038000107	0.054589912295	-0.196225225925	-0.242636412382
-0.056864853948	0.998363554478	-0.005974327680	-0.015155792236
0.195577546954	0.017007337883	0.980540633202	-0.058739185333
0.000000000000	0.000000000000	0.000000000000	1.000000000000
18	20	-1
0.939052045345	0.103242248297	-0.327906072140	-0.498354315758
-0.088693581522	0.994306564331	0.059061042964	0.053999334574
0.332136541605	-0.026377981529	0.942862391472	-0.217055082321
0.000000000000	0.000000000000	0.000000000000	1.000000000000
18	62	-1
0.821452975273	0.244843155146	-0.515041649342	1.781959295273
-0.152788802981	0.964615762234	0.214876577258	-0.562914550304
0.549428522587	-0.097818322480	0.829795122147	1.472389340401
0.000000000000	0.000000000000	0.000000000000	1.000000000000
18	63	-1
0.557018101215	0.364079087973	-0.746441960335	1.910540342331
-0.248929426074	0.930654942989	0.268170893192	-0.571839928627
0.792315483093	0.036434978247	0.609022498131	1.722254633904
0.000000000000	0.000000000000	0.000000000000	1.000000000000
18	64	-1
0.452393680811	0.355065673590	-0.818088412285	1.376810908318
-0.216777309775	0.933595001698	0.285322278738	-0.529803276062
0.865070998669	0.048264320940	0.499322503805	1.794883728027
0.000000000000	0.000000000000	0.000000000000	1.000000000000
19	20	-1
0.992856919765	0.028317589313	-0.115898221731	-0.369842231274
-0.022706378251	0.998517930508	0.049453977495	0.063819944859
0.117127075791	-0.046469207853	0.992029190063	-0.096124172211
0.000000000000	0.000000000000	0.000000000000	1.000000000000
19	21	-1
0.995888531208	0.007036616560	-0.090314283967	-0.709311068058
0.003144686110	0.993692100048	0.112097963691	0.144489526749
0.090533465147	-0.111921027303	0.989584445953	-0.284716844559
0.000000000000	0.000000000000	0.000000000000	1.000000000000
19	64	-1
0.662737727165	0.289221137762	-0.690746307373	1.939659595490
-0.169838756323	0.956422865391	0.237509876490	-0.371651351452
0.729338049889	-0.040091246367	0.682978093624	1.440102696419
0.000000000000	0.000000000000	0.000000000000	1.000000000000
19	65	-1
0.748619675636	0.168879359961	-0.641131460667	1.168393492699
-0.086836025119	0.983660399914	0.157709896564	-0.320239067078
0.657289087772	-0.062391471118	0.751051723957	1.507222175598
0.000000000000	0.000000000000	0.000000000000	1.000000000000
20	21	-1
0.998852968216	-0.040290389210	0.025881839916	-0.384492695332
0.038509979844	0.997079849243	0.065945312381	0.069845840335
-0.028463022783	-0.064873002470	0.997487366199	-0.145893573761
0.000000000000	0.000000000000	0.000000000000	1.000000000000
20	22	-1
0.992618024349	-0.050676666200	0.110182993114	-1.086094856262
0.054555892944	0.997982025146	-0.032483566552	0.063572570682
-0.108314052224	0.038254566491	0.993380367756	-0.050966024399
0.000000000000	0.000000000000	0.000000000000	1.000000000000
20	23	-1
0.998123586178	-0.010628356598	0.060303363949	-1.397303104401
0.027668882161	0.956831872463	-0.289323687553	-0.012919135392
-0.054624948651	0.290449827909	0.955329954624	0.012147665024
0.000000000000	0.000000000000	0.000000000000	1.000000000000
20	34	-1
0.386783331633	-0.378984451294	0.840696394444	-2.294070959091
0.279831111431	0.916898310184	0.284592568874	-0.273315548897
-0.878688573837	0.125177711248	0.460691958666	1.140230655670
0.000000000000	0.000000000000	0.000000000000	1.000000000000
20	64	-1
0.774496495724	0.247638851404	-0.582091391087	2.463244676590
-0.182450234890	0.968532383442	0.169284760952	-0.397834450006
0.605696320534	-0.024907821789	0.795306384563	1.149005413055
0.000000000000	0.000000000000	0.000000000000	1.000000000000
20	65	-1
0.827803790569	0.141321882606	-0.542924821377	1.724494457245
-0.096907466650	0.989225208759	0.109736278653	-0.430059313774
0.552583277225	-0.038226600736	0.832580566406	1.340230703354
0.000000000000	0.000000000000	0.000000000000	1.000000000000
21	22	-1
0.998128950596	-0.003747805022	0.061030272394	-0.645215749741
0.009571393020	0.995391786098	-0.095410637558	-0.003259819001
-0.060391400009	0.095816276968	0.993565261364	0.060927152634
0.000000000000	0.000000000000	0.000000000000	1.000000000000
21	23	-1
0.973492920399	0.046194743365	0.224003970623	-1.295692920685
0.034106519073	0.939120709896	-0.341890573502	-0.112958729267
-0.226160377264	0.340468049049	0.912651658058	0.257698059082
0.000000000000	0.000000000000	0.000000000000	1.000000000000
21	24	-1
0.877726495266	0.170118629932	-0.447946280241	1.425384879112
-0.198530212045	0.979949891567	-0.016849178821	-0.282154262066
0.436098635197	0.103719644248	0.893901586533	0.412079334259
0.000000000000	0.000000000000	0.000000000000	1.000000000000
21	34	-1
0.426558464766	-0.353975981474	0.832314848900	-1.884713292122
0.318917840719	0.919994294643	0.227821230888	-0.366815388203
-0.846367657185	0.168260917068	0.505321204662	1.194015383720
0.000000000000	0.000000000000	0.000000000000	1.000000000000
21	65	-1
0.746370255947	-0.388109862804	0.540650367737	-0.272727310658
0.465781569481	0.884865462780	-0.007806201931	-0.313622355461
-0.475373417139	0.257651060820	0.841211199760	1.146872162819
0.000000000000	0.000000000000	0.000000000000	1.000000000000
22	23	-1
0.997749567032	0.027882704511	-0.060966528952	-0.328124284744
-0.044004831463	0.958456337452	-0.281822443008	0.017034649849
0.050575535744	0.283870548010	0.957527577877	0.034102439880
0.000000000000	0.000000000000	0.000000000000	1.000000000000
22	24	-1
0.981006205082	0.075787812471	-0.178562760353	0.568042397499
-0.070487663150	0.996868669987	0.035851713270	-0.150261759758
0.180720731616	-0.022584492341	0.983275115490	0.227276325226
0.000000000000	0.000000000000	0.000000000000	1.000000000000
22	33	-1
0.956551432610	-0.053821675479	0.286553204060	-1.338463783264
-0.006502788048	0.978631615639	0.205517292023	-0.257505416870
-0.291491150856	-0.198451235890	0.935761570930	1.078611135483
0.000000000000	0.000000000000	0.000000000000	1.000000000000
22	34	-1
0.502248525620	-0.353422999382	0.789201080799	-1.301964998245
0.245302349329	0.933402895927	0.261889338493	-0.223320364952
-0.829200148582	0.062059145421	0.555496096611	1.030343532562
0.000000000000	0.000000000000	0.000000000000	1.000000000000
22	65	-1
0.321738660336	-0.412136942148	0.852424263954	-1.411175847054
0.477014273405	0.848247110844	0.230073332787	-0.212571561337
-0.817888319492	0.332595050335	0.469509363174	1.279023885727
0.000000000000	0.000000000000	0.000000000000	1.000000000000
23	24	-1
0.994438171387	0.040811598301	-0.097086384892	-0.186881214380
-0.015921287239	0.969525337219	0.244472518563	0.098214507103
0.104104861617	-0.241567298770	0.964783489704	0.323616504669
0.000000000000	0.000000000000	0.000000000000	1.000000000000
23	33	-1
0.928986608982	-0.116089113057	0.351436495781	-1.063196182251
-0.053558595479	0.897376060486	0.438004612923	0.072320461273
-0.366218328476	-0.425722718239	0.827432632446	1.158584475517
0.000000000000	0.000000000000	0.000000000000	1.000000000000
24	25	-1
0.998866319656	-0.045759681612	0.013129346073	-0.537958145142
0.045184135437	0.998128235340	0.041201945394	-0.094427049160
-0.014990004711	-0.040561836213	0.999064564705	0.382522344589
0.000000000000	0.000000000000	0.000000000000	1.000000000000
24	32	-1
0.997031331062	0.042448285967	-0.064239047468	-0.744836390018
-0.023549508303	0.962441921234	0.270464986563	-0.143686890602
0.073307059705	-0.268149107695	0.960584223270	0.463614463806
0.000000000000	0.000000000000	0.000000000000	1.000000000000
24	33	-1
0.883505165577	-0.198382183909	0.424338221550	-0.798647344112
0.100659787655	0.965134322643	0.241628304124	-0.255116820335
-0.457478106022	-0.170766741037	0.872670054436	0.840791702271
0.000000000000	0.000000000000	0.000000000000	1.000000000000
25	26	-1
0.996292829514	-0.066734768450	0.054297998548	-0.322783708572
0.077445022762	0.970535516739	-0.228174090385	-0.110065251589
-0.037470955402	0.231532961130	0.972105145454	0.340973377228
0.000000000000	0.000000000000	0.000000000000	1.000000000000
25	27	-1
0.995208740234	-0.077693395317	0.059360362589	-0.333211630583
0.076990023255	0.996932923794	0.014049633406	-0.099603161216
-0.060269944370	-0.009412321262	0.998137772083	0.308260440826
0.000000000000	0.000000000000	0.000000000000	1.000000000000
25	32	-1
0.995371937752	0.074823923409	-0.060305263847	-0.213390618563
-0.060380991548	0.975126087666	0.213268756866	0.003736652434
0.074762851000	-0.208640366793	0.975130796432	0.066280603409
0.000000000000	0.000000000000	0.000000000000	1.000000000000
25	33	-1
0.916003823280	-0.134523242712	0.377941936255	-0.152110338211
0.068179458380	0.980598628521	0.183787986636	-0.145459741354
-0.395333260298	-0.142582654953	0.907403886318	0.385313749313
0.000000000000	0.000000000000	0.000000000000	1.000000000000
26	27	-1
0.999701917171	0.006664924789	0.023472620174	-0.013050183654
-0.012107871473	0.970682919025	0.240058377385	0.007203042507
-0.021184496582	-0.240271002054	0.970474779606	-0.027984619141
0.000000000000	0.000000000000	0.000000000000	1.000000000000
26	32	-1
0.982914447784	0.166868641973	-0.077676549554	0.126579165459
-0.117114081979	0.892552256584	0.435470342636	0.045787036419
0.141996741295	-0.418933272362	0.896845400333	-0.284816980362
0.000000000000	0.000000000000	0.000000000000	1.000000000000
27	28	-1
0.923672080040	0.229644551873	-0.306749165058	0.172921836376
-0.172534957528	0.964030921459	0.202180400491	0.083375483751
0.342144936323	-0.133823141456	0.930068969727	-0.165319442749
0.000000000000	0.000000000000	0.000000000000	1.000000000000
27	31	-1
0.664854705334	0.454065233469	-0.593122124672	0.341880619526
-0.261408239603	0.885258495808	0.384686022997	0.113145679235
0.699739098549	-0.100712627172	0.707264125347	-0.350556731224
0.000000000000	0.000000000000	0.000000000000	1.000000000000
27	32	-1
0.981004476547	0.166084900498	-0.100231558084	0.134883910418
-0.143379792571	0.968824326992	0.202043980360	0.110489100218
0.130663633347	-0.183834955096	0.974234163761	-0.236224889755
0.000000000000	0.000000000000	0.000000000000	1.000000000000
27	33	-1
0.947245836258	-0.050811108202	0.316453754902	0.229149997234
0.003065629164	0.988745212555	0.149579912424	-0.065982297063
-0.320492237806	-0.140719041228	0.936740756035	0.068971395493
0.000000000000	0.000000000000	0.000000000000	1.000000000000
28	29	-1
0.892997980118	0.285990923643	-0.347512274981	0.133873403072
-0.261121094227	0.958127617836	0.117506705225	0.096709810197
0.366566777229	-0.014190303162	0.930283546448	-0.188226461411
0.000000000000	0.000000000000	0.000000000000	1.000000000000
28	30	-1
0.749610662460	0.415883243084	-0.514903366566	0.090856254101
-0.327833503485	0.909105122089	0.257007241249	0.250700145960
0.574985980988	-0.023852385581	0.817815423012	-0.409732818604
0.000000000000	0.000000000000	0.000000000000	1.000000000000
28	31	-1
0.889030337334	0.245258644223	-0.386618942022	0.141749739647
-0.208405241370	0.968646526337	0.135248854756	0.108653731644
0.407667756081	-0.039666380733	0.912268757820	-0.212087154388
0.000000000000	0.000000000000	0.000000000000	1.000000000000
28	32	-1
0.973307549953	-0.078612953424	0.215621918440	-0.090792477131
0.071918427944	0.996658384800	0.038733776659	0.035124868155
-0.217946559191	-0.022192308679	0.975708544254	-0.048767089844
0.000000000000	0.000000000000	0.000000000000	1.000000000000
29	30	-1
0.964284121990	0.126925632358	-0.232478201389	-0.145380467176
-0.108878999949	0.990069746971	0.088929846883	0.136378288269
0.241456732154	-0.060442134738	0.968527376652	-0.179001688957
0.000000000000	0.000000000000	0.000000000000	1.000000000000
29	31	-1
0.997697412968	-0.050950977951	-0.044756550342	-0.001847922802
0.051090162247	0.998691976070	0.001968275988	0.020876675844
0.044597532600	-0.004250019789	0.998995780945	-0.020231723785
0.000000000000	0.000000000000	0.000000000000	1.000000000000
29	32	-1
0.762157618999	-0.328411638737	0.557908236980	-0.162474572659
0.335932791233	0.937300741673	0.092823669314	-0.153958007693
-0.553412199020	0.116673745215	0.824695050716	0.212656259537
0.000000000000	0.000000000000	0.000000000000	1.000000000000
30	31	-1
0.968931317329	-0.159671559930	0.188886925578	0.209492981434
0.174201250076	0.982699334621	-0.062895432115	-0.109969347715
-0.175576359034	0.093845516443	0.979982733727	0.107402443886
0.000000000000	0.000000000000	0.000000000000	1.000000000000
30	32	-1
0.766040980816	-0.306657493114	0.564926087856	-0.763837039471
0.382148355246	0.923950970173	-0.016647508368	0.209703922272
-0.516859233379	0.228638529778	0.824973464012	-0.211364865303
0.000000000000	0.000000000000	0.000000000000	1.000000000000
31	32	-1
0.771092355251	-0.285938411951	0.568907558918	-0.077213525772
0.315288424492	0.947729825974	0.048999119550	-0.131656408310
-0.553181111813	0.141587302089	0.820940732956	0.205769538879
0.000000000000	0.000000000000	0.000000000000	1.000000000000
32	33	-1
0.868981242180	-0.215736389160	0.445341706276	0.060617864132
0.226926594973	0.973486483097	0.028790311888	-0.215708836913
-0.439745187759	0.076041460037	0.894897758961	0.278336524963
0.000000000000	0.000000000000	0.000000000000	1.000000000000
33	65	-1
0.463106513023	0.194330483675	-0.864735901356	1.544504046440
-0.315681904554	0.947847008705	0.043945718557	-0.646317362785
0.828177452087	0.252629816532	0.500300645828	1.532137274742
0.000000000000	0.000000000000	0.000000000000	1.000000000000
34	35	-1
0.917806744576	-0.176627680659	0.355575621128	0.159699261189
0.179042845964	0.983487427235	0.026392869651	0.089858382940
-0.354365766048	0.039439886808	0.934275090694	-0.171325445175
0.000000000000	0.000000000000	0.000000000000	1.000000000000
34	36	-1
0.726002514362	-0.311262875795	0.613218128681	-0.005967378616
0.350153893232	0.934773802757	0.059925816953	0.133406952024
-0.591873049736	0.171214103699	0.787637114525	-0.215903639793
0.000000000000	0.000000000000	0.000000000000	1.000000000000
34	37	-1
0.669286489487	-0.322299450636	0.669461905956	-0.024530231953
0.318259298801	0.938533842564	0.133662834764	0.138295516372
-0.671392023563	0.123603641987	0.730722427368	-0.267306685448
0.000000000000	0.000000000000	0.000000000000	1.000000000000
34	64	-1
0.913270235062	-0.085269622505	-0.398330271244	0.990921139717
0.087800405920	0.996066808701	-0.011921762489	-0.220944225788
0.397779792547	-0.024085951969	0.917164742947	0.873934268951
0.000000000000	0.000000000000	0.000000000000	1.000000000000
34	65	-1
0.960844695568	-0.276325851679	0.020540483296	-0.377106755972
0.276292353868	0.949834167957	-0.146550193429	0.131887078285
0.020985191688	0.146486699581	0.988989949226	0.225463151932
0.000000000000	0.000000000000	0.000000000000	1.000000000000
35	36	-1
0.943374454975	-0.175979390740	0.281205385923	-0.094945162535
0.187340006232	0.982197999954	-0.013815728016	0.058363601565
-0.273768007755	0.065714448690	0.959548056126	-0.097764372826
0.000000000000	0.000000000000	0.000000000000	1.000000000000
35	37	-1
0.920754969120	-0.162959128618	0.354478895664	-0.056985139847
0.160951912403	0.986328661442	0.035359635949	0.083662599325
-0.355394780636	0.024496592581	0.934395074844	-0.155858159065
0.000000000000	0.000000000000	0.000000000000	1.000000000000
35	38	-1
0.845060169697	-0.224171921611	0.485407024622	-0.133379876614
0.232138067484	0.971659898758	0.044597826898	0.079122215509
-0.481648296118	0.074993893504	0.873149812222	-0.119743108749
0.000000000000	0.000000000000	0.000000000000	1.000000000000
35	45	-1
0.564834952354	-0.154786825180	0.810556650162	-0.615102589130
0.494636625051	0.849740266800	-0.182417258620	-0.035719841719
-0.660526931286	0.503967225552	0.556526720524	-0.342292428017
0.000000000000	0.000000000000	0.000000000000	1.000000000000
35	46	-1
0.478812962770	-0.263896942139	0.837315201759	-0.876922965050
0.435815781355	0.899384617805	0.034241456538	-0.118932276964
-0.762104749680	0.348519653082	0.545647263527	0.046152234077
0.000000000000	0.000000000000	0.000000000000	1.000000000000
35	47	-1
0.274267822504	-0.547469139099	0.790603756905	-1.256502628326
0.505119025707	0.781598865986	0.366002947092	-0.178801327944
-0.818310558796	0.298966556787	0.490904420614	0.418013215065
0.000000000000	0.000000000000	0.000000000000	1.000000000000
35	48	-1
0.215942203999	-0.648882806301	0.729604005814	-1.581863045692
0.474706381559	0.722747266293	0.502284646034	-0.181103765965
-0.853242397308	0.237883374095	0.464099943638	0.487226605415
0.000000000000	0.000000000000	0.000000000000	1.000000000000
35	49	-1
0.268870592117	-0.548145473003	0.791988432407	-1.461997389793
0.488907277584	0.786130070686	0.378112643957	-0.330008149147
-0.829866766930	0.285545766354	0.479359090328	0.701365709305
0.000000000000	0.000000000000	0.000000000000	1.000000000000
36	37	-1
0.997081458569	0.034089267254	0.068313509226	0.083476930857
-0.036129869521	0.998929977417	0.028856826946	0.017733030021
-0.067256644368	-0.031241452321	0.997246384621	-0.043460607529
0.000000000000	0.000000000000	0.000000000000	1.000000000000
36	38	-1
0.964512944221	-0.068386204541	0.255024731159	-0.102039366961
0.066597603261	0.997657120228	0.015653487295	0.042032673955
-0.255497813225	0.001886186656	0.966807782650	-0.043525218964
0.000000000000	0.000000000000	0.000000000000	1.000000000000
36	39	-1
-0.779959976673	0.310037791729	0.543635785580	-1.154485225677
-0.375675737858	0.462799131870	-0.802922844887	1.838557004929
-0.500530302525	-0.830478489399	-0.244491130114	2.997165679932
0.000000000000	0.000000000000	0.000000000000	1.000000000000
36	45	-1
0.753779888153	-0.091611340642	0.650710105896	-0.685986995697
0.366926342249	0.880162477493	-0.301130831242	0.069028586149
-0.545143604279	0.465749382973	0.697062790394	-0.319262266159
0.000000000000	0.000000000000	0.000000000000	1.000000000000
36	46	-1
0.719293415546	-0.175652176142	0.672133684158	-0.896553397179
0.309140115976	0.947365820408	-0.083250693977	0.002487957478
-0.622132956982	0.267665177584	0.735734939575	-0.050755262375
0.000000000000	0.000000000000	0.000000000000	1.000000000000
36	47	-1
0.589637875557	-0.449566364288	0.670981824398	-1.283215165138
0.391435623169	0.885741829872	0.249477684498	0.008380234241
-0.706474006176	0.115545049310	0.698243677616	0.162404417992
0.000000000000	0.000000000000	0.000000000000	1.000000000000
36	48	-1
0.544999241829	-0.534005582333	0.646385669708	-1.596500277519
0.361075222492	0.845273554325	0.393874734640	0.063495308161
-0.756703734398	0.018732422963	0.653489470482	0.129377722740
0.000000000000	0.000000000000	0.000000000000	1.000000000000
36	49	-1
0.581532716751	-0.439604490995	0.684520483017	-1.591568827629
0.379462808371	0.890861570835	0.249746650457	-0.062228828669
-0.719603061676	0.114514566958	0.684878349304	0.382845759392
0.000000000000	0.000000000000	0.000000000000	1.000000000000
36	52	-1
0.812936842442	-0.115411661565	0.570800900459	-1.149057149887
0.227655455470	0.965147852898	-0.129081442952	-0.155687168241
-0.536009669304	0.234881207347	0.810878694057	0.506287813187
0.000000000000	0.000000000000	0.000000000000	1.000000000000
37	38	-1
0.977941513062	-0.106444500387	0.179721832275	-0.189720034599
0.111646473408	0.993565320969	-0.019052051008	0.048487126827
-0.176537424326	0.038697175682	0.983532786369	-0.020069122314
0.000000000000	0.000000000000	0.000000000000	1.000000000000
37	39	-1
0.763896882534	-0.312128901482	0.564833879471	-0.171690344810
0.338976800442	0.938855409622	0.060373622924	-0.037154436111
-0.549141943455	0.145346656442	0.822992801666	0.059389591217
0.000000000000	0.000000000000	0.000000000000	1.000000000000
37	45	-1
0.791019439697	-0.158092945814	0.591011285782	-0.702448844910
0.407136857510	0.857090532780	-0.315650880337	0.063850745559
-0.456648230553	0.490308523178	0.742340862751	-0.339008331299
0.000000000000	0.000000000000	0.000000000000	1.000000000000
37	46	-1
0.761585772038	-0.225744709373	0.607476711273	-0.950479030609
0.351638942957	0.931328177452	-0.094753935933	-0.025955021381
-0.544369697571	0.285775303841	0.788666546345	-0.096669435501
0.000000000000	0.000000000000	0.000000000000	1.000000000000
37	47	-1
0.620722651482	-0.483697623014	0.617041230202	-1.405549049377
0.433617383242	0.867484688759	0.243815273046	-0.042495131493
-0.653206646442	0.116218402982	0.748207807541	0.108056068420
0.000000000000	0.000000000000	0.000000000000	1.000000000000
37	48	-1
0.605172336102	-0.551072239876	0.574530065060	-1.659312248230
0.402579247952	0.834449708462	0.376329094172	0.026221692562
-0.686801373959	0.003549646121	0.726836264133	0.023833990097
0.000000000000	0.000000000000	0.000000000000	1.000000000000
37	49	-1
0.624894440174	-0.471547156572	0.622213602066	-1.714079618454
0.419141590595	0.875022292137	0.242191940546	-0.126195102930
-0.658656120300	0.109450832009	0.744441449642	0.283453822136
0.000000000000	0.000000000000	0.000000000000	1.000000000000
38	39	-1
0.870493292809	-0.230365782976	0.434940308332	-0.058687090874
0.243922159076	0.969465255737	0.025289159268	-0.087481588125
-0.427485167980	0.084077283740	0.900104165077	0.119360446930
0.000000000000	0.000000000000	0.000000000000	1.000000000000
38	44	-1
0.766873598099	-0.221446663141	0.602383792400	-0.411814510822
0.346207797527	0.933052718639	-0.097739227116	0.141849353909
-0.540411889553	0.283503979445	0.792199909687	-0.394686222076
0.000000000000	0.000000000000	0.000000000000	1.000000000000
38	45	-1
0.909605264664	-0.136780202389	0.392311632633	-0.429531216621
0.286699622869	0.890052080154	-0.354415982962	0.062605202198
-0.300701022148	0.434854447842	0.848811507225	-0.413002014160
0.000000000000	0.000000000000	0.000000000000	1.000000000000
38	46	-1
0.889994561672	-0.153862267733	0.429227888584	-0.746906876564
0.233485281467	0.962350904942	-0.139159798622	0.025842916220
-0.391656249762	0.224070027471	0.892411351204	-0.222781181335
0.000000000000	0.000000000000	0.000000000000	1.000000000000
38	47	-1
0.792964994907	-0.378059983253	0.477783769369	-1.182287931442
0.326518088579	0.925768196583	0.190626516938	0.073829799891
-0.514385342598	0.004844913725	0.857545316219	-0.109319925308
0.000000000000	0.000000000000	0.000000000000	1.000000000000
38	48	-1
0.729239761829	-0.446001768112	0.518933475018	-1.630079269409
0.304989606142	0.890748322010	0.336969912052	0.159066855907
-0.612528324127	-0.087462790310	0.785595059395	-0.166735172272
0.000000000000	0.000000000000	0.000000000000	1.000000000000
38	49	-1
0.780777037144	-0.373136758804	0.501154839993	-1.574577808380
0.320651024580	0.927705883980	0.191166862845	0.042988985777
-0.536255478859	0.011436876841	0.843978345394	0.008807182312
0.000000000000	0.000000000000	0.000000000000	1.000000000000
39	40	-1
0.796318769455	-0.241352036595	0.554640054703	-0.289895832539
0.276059269905	0.960893929005	0.021784562618	0.045974776149
-0.538208127022	0.135765746236	0.831805050373	-0.003425955772
0.000000000000	0.000000000000	0.000000000000	1.000000000000
39	43	-1
0.670448005199	-0.231564909220	0.704895317554	-0.373321175575
0.385476976633	0.920477509499	-0.064253062010	0.192658826709
-0.633961558342	0.314799368382	0.706395328045	-0.322679400444
0.000000000000	0.000000000000	0.000000000000	1.000000000000
39	44	-1
0.982021272182	-0.097743295133	0.161494001746	-0.013259470463
0.123301267624	0.979921102524	-0.156687036157	0.243923082948
-0.142936065793	0.173782467842	0.974355518818	-0.618888854980
0.000000000000	0.000000000000	0.000000000000	1.000000000000
39	45	-1
0.990755379200	-0.101120889187	-0.090444579720	-0.057139758021
0.062492638826	0.931889235973	-0.357320308685	0.172892838717
0.120416402817	0.348364531994	0.929592549801	-0.659319877625
0.000000000000	0.000000000000	0.000000000000	1.000000000000
39	46	-1
0.999764323235	-0.009048077278	-0.019719880074	-0.444125175476
0.005775993690	0.987089693546	-0.160062924027	0.248489677906
0.020913805813	0.159911617637	0.986909449100	-0.627619266510
0.000000000000	0.000000000000	0.000000000000	1.000000000000
39	47	-1
0.939377248287	0.089768461883	-0.330926537514	0.435011446476
-0.016997065395	0.976125717163	0.216539353132	0.154800683260
0.342464387417	-0.197787776589	0.918475925922	-0.437509298325
0.000000000000	0.000000000000	0.000000000000	1.000000000000
39	48	-1
-0.378749579191	-0.563460528851	0.734207570553	-0.942531704903
0.456376105547	0.576444745064	0.677814245224	-0.408705592155
-0.805151581764	0.591796934605	0.038821179420	0.988330662251
0.000000000000	0.000000000000	0.000000000000	1.000000000000
39	49	-1
-0.346205949783	-0.472522050142	0.810471594334	-0.733866631985
0.467589646578	0.662036657333	0.585719466209	-0.570470869541
-0.813326895237	0.581747710705	-0.008254209533	1.193620204926
0.000000000000	0.000000000000	0.000000000000	1.000000000000
40	41	-1
0.888066470623	-0.164178475738	0.429398387671	0.018234610558
0.176723375916	0.984201073647	0.010812675580	0.076593875885
-0.424389630556	0.066282413900	0.903050422668	-0.159591674805
0.000000000000	0.000000000000	0.000000000000	1.000000000000
40	42	-1
0.916216194630	-0.040410764515	0.398641616106	-0.027051955462
0.193478539586	0.915846228600	-0.351840108633	0.053489815444
-0.350876331329	0.399490296841	0.846931874752	-0.270444393158
0.000000000000	0.000000000000	0.000000000000	1.000000000000
40	43	-1
0.980992496014	-0.083553142846	0.175137192011	0.119176238775
0.109143465757	0.983833611012	-0.141983151436	0.120178833604
-0.160442650318	0.158399477601	0.974252402782	-0.316184043884
0.000000000000	0.000000000000	0.000000000000	1.000000000000
40	44	-1
0.890240192413	0.090511403978	-0.446409016848	0.596955358982
-0.126272991300	0.990686953068	-0.050950191915	0.026125937700
0.437639683485	0.101727098227	0.893377363682	-0.335364818573
0.000000000000	0.000000000000	0.000000000000	1.000000000000
40	45	-1
0.722354292870	0.001588079380	-0.691521048546	0.918304502964
-0.173626706004	0.968380033970	-0.179144516587	-0.063520565629
0.669370949268	0.249472647905	0.699789643288	-0.397257089615
0.000000000000	0.000000000000	0.000000000000	1.000000000000
40	46	-1
0.760213673115	0.208795398474	-0.615205883980	0.756911754608
-0.263214290142	0.964734673500	0.002166333841	0.116878017783
0.593962848186	0.160284340382	0.788363337517	-0.588180065155
0.000000000000	0.000000000000	0.000000000000	1.000000000000
40	47	-1
0.408437490463	-0.481550514698	0.775427758694	-0.704411029816
0.457421511412	0.843131065369	0.282659292221	-0.072977691889
-0.789901614189	0.239248380065	0.564637601376	0.327430605888
0.000000000000	0.000000000000	0.000000000000	1.000000000000
41	42	-1
0.996544003487	-0.047346554697	-0.068258397281	-0.001346014440
0.021306160837	0.939870178699	-0.340866506100	-0.059284478426
0.080292895436	0.338234007359	0.937630534172	-0.122348070145
0.000000000000	0.000000000000	0.000000000000	1.000000000000
41	43	-1
0.964688122272	0.038209516555	-0.260605782270	0.115613460541
-0.067179724574	0.992392063141	-0.103175215423	0.016734391451
0.254680573940	0.117039099336	0.959916234016	-0.109065055847
0.000000000000	0.000000000000	0.000000000000	1.000000000000
42	43	-1
0.979097247124	0.062666207552	-0.193496882915	0.132614493370
-0.012297214009	0.967850863934	0.251225501299	0.039450526237
0.203019276261	-0.243594855070	0.948390603065	-0.012780427933
0.000000000000	0.000000000000	0.000000000000	1.000000000000
44	45	-1
0.965179383755	-0.043324790895	-0.257976889610	-0.043075650930
-0.006046321243	0.982231378555	-0.187577396631	-0.052735134959
0.261519700289	0.182605519891	0.947767257690	-0.041871309280
0.000000000000	0.000000000000	0.000000000000	1.000000000000
44	46	-1
0.983335435390	0.074686184525	-0.165752500296	-0.428753942251
-0.073993042111	0.997205018997	0.010358612053	0.061245873570
0.166062414646	0.002078363905	0.986113131046	-0.096052408218
0.000000000000	0.000000000000	0.000000000000	1.000000000000
44	47	-1
0.999400258064	0.029908351600	-0.017444744706	-0.815597295761
-0.022920414805	0.949109852314	0.314110934734	0.190779924393
0.025951506570	-0.313522487879	0.949226140976	-0.199496030807
0.000000000000	0.000000000000	0.000000000000	1.000000000000
44	48	-1
-0.114413529634	-0.557915627956	0.821973145008	-1.239075422287
0.329047799110	0.759418845177	0.561257541180	-0.205665498972
-0.937355935574	0.334684312344	0.096693813801	1.422514438629
0.000000000000	0.000000000000	0.000000000000	1.000000000000
44	49	-1
-0.273728549480	-0.406496912241	0.871683776379	-0.952384352684
0.291436582804	0.828635513783	0.477940380573	-0.404930472374
-0.916589677334	0.384866774082	-0.108353212476	1.886843919754
0.000000000000	0.000000000000	0.000000000000	1.000000000000
44	50	-1
0.995577514172	0.093842856586	-0.004243861418	-1.506643056870
-0.093936547637	0.994856894016	-0.037891134620	0.153016567230
0.000666281325	0.038122102618	0.999272882938	-0.026730298996
0.000000000000	0.000000000000	0.000000000000	1.000000000000
45	46	-1
0.994266271591	0.059146918356	0.089086808264	-0.363918900490
-0.075330697000	0.978704631329	0.190952390432	0.122923374176
-0.075895324349	-0.196568563581	0.977548241615	0.031877994537
0.000000000000	0.000000000000	0.000000000000	1.000000000000
45	47	-1
0.970517158508	-0.065860301256	0.231859624386	-0.774706840515
-0.055140376091	0.875768959522	0.479570329189	0.236644685268
-0.234640076756	-0.478216081858	0.846317291260	-0.049023628235
0.000000000000	0.000000000000	0.000000000000	1.000000000000
45	48	-1
0.963891029358	-0.034312505275	0.264077037573	-0.885504841805
-0.145198732615	0.763565778732	0.629193782806	0.139529109001
-0.223229408264	-0.644817888737	0.731012046337	-0.283998489380
0.000000000000	0.000000000000	0.000000000000	1.000000000000
45	49	-1
0.962285816669	-0.065541155636	0.264028489590	-1.194243073463
-0.069868162274	0.878446400166	0.472705066204	0.317395389080
-0.262916088104	-0.473324924707	0.840737342834	-0.072975635529
0.000000000000	0.000000000000	0.000000000000	1.000000000000
46	47	-1
0.984433472157	-0.117862403393	0.130381867290	-0.418563842773
0.072420112789	0.947937011719	0.310114145279	0.116563081741
-0.160144463181	-0.295844376087	0.941716432571	-0.090963840485
0.000000000000	0.000000000000	0.000000000000	1.000000000000
46	48	-1
0.976259887218	-0.128572270274	0.174318164587	-0.588744401932
0.038705401123	0.895372092724	0.443633824587	0.202291429043
-0.213118359447	-0.426354825497	0.879091799259	-0.340267419815
0.000000000000	0.000000000000	0.000000000000	1.000000000000
46	49	-1
0.980379998684	-0.108944259584	0.164276391268	-0.845947206020
0.053557906300	0.949259579182	0.309900015593	0.155228734016
-0.189702957869	-0.295021295547	0.936469614506	-0.144940853119
0.000000000000	0.000000000000	0.000000000000	1.000000000000
47	48	-1
0.996414542198	-0.008015554398	0.084225952625	-0.178045719862
-0.002970090369	0.991574048996	0.129508376122	0.197813510895
-0.084554724395	-0.129293709993	0.987994790077	-0.234227180481
0.000000000000	0.000000000000	0.000000000000	1.000000000000
47	49	-1
0.999251902103	0.006606494542	0.038091696799	-0.415215849876
-0.006522228941	0.999975502491	-0.002350003691	0.101570308208
-0.038106348366	0.002099992707	0.999271392822	-0.095102548599
0.000000000000	0.000000000000	0.000000000000	1.000000000000
48	49	-1
0.999526739120	-0.000292514655	-0.030748037621	-0.277571052313
-0.003729407210	0.991420984268	-0.130655691028	-0.112576276064
0.030523009598	0.130709096789	0.990950822830	0.098300218582
0.000000000000	0.000000000000	0.000000000000	1.000000000000
49	50	-1
0.996950626373	0.074918061495	0.021833978593	-0.364939779043
-0.063208632171	0.939360618591	-0.337056100368	-0.234277009964
-0.045761324465	0.334648340940	0.941231608391	0.265641689301
0.000000000000	0.000000000000	0.000000000000	1.000000000000
50	51	-1
0.995071232319	0.027824033052	-0.095174424350	-0.333387702703
-0.025389267132	0.999321401119	0.026698006317	-0.073125511408
0.095853112638	-0.024149948731	0.995102226734	0.189694166183
0.000000000000	0.000000000000	0.000000000000	1.000000000000
51	52	-1
0.984000742435	-0.093511641026	0.151650324464	-0.547237932682
0.095065616071	0.995466470718	-0.003011686727	-0.042155981064
-0.150681421161	0.017380144447	0.988429784775	0.347663402557
0.000000000000	0.000000000000	0.000000000000	1.000000000000
51	53	-1
0.960913598537	-0.088804058731	0.262220263481	-0.913561344147
0.098511271179	0.994844436646	-0.024081565440	-0.128046423197
-0.258729904890	0.048971965909	0.964707553387	0.731810569763
0.000000000000	0.000000000000	0.000000000000	1.000000000000
52	53	-1
0.995151758194	0.005591149908	0.098192371428	-0.382357776165
-0.001311371219	0.999048888683	-0.043594125658	-0.010440796614
-0.098342686892	0.043253969401	0.994212388992	0.296662807465
0.000000000000	0.000000000000	0.000000000000	1.000000000000
53	54	-1
0.978388607502	0.033407885581	-0.204059153795	-0.023954421282
-0.061438951641	0.989261209965	-0.132617488503	-0.157958060503
0.197437316179	0.142288595438	0.969934284687	0.315269231796
0.000000000000	0.000000000000	0.000000000000	1.000000000000
54	55	-1
0.976553022861	-0.003585331608	-0.215244397521	0.030456155539
0.015812002122	0.998355269432	0.055107854307	-0.019381344318
0.214691951871	-0.057219155133	0.975004017353	0.025125026703
0.000000000000	0.000000000000	0.000000000000	1.000000000000
55	56	-1
0.877247273922	0.186969473958	-0.442128956318	0.064680933952
-0.058618362993	0.955860912800	0.287911683321	0.089396834373
0.476444810629	-0.226652935147	0.849487006664	0.040895223618
0.000000000000	0.000000000000	0.000000000000	1.000000000000
56	57	-1
0.885334193707	0.194659203291	-0.422244966030	0.092467069626
-0.190650999546	0.980270504951	0.052170656621	-0.061470821500
0.424069881439	0.034313034266	0.904979169369	0.208733558655
0.000000000000	0.000000000000	0.000000000000	1.000000000000
58	59	-1
0.937971532345	0.163720339537	-0.305622577667	0.187605559826
-0.162759557366	0.986245453358	0.028806949034	-0.301649421453
0.306134521961	0.022722955793	0.951716840267	0.597234487534
0.000000000000	0.000000000000	0.000000000000	1.000000000000
58	60	-1
0.760849773884	0.330110192299	-0.558690011501	0.539222657681
-0.289221137762	0.943207383156	0.163433477283	-0.595262527466
0.580911576748	0.037236630917	0.813114345074	1.106188774109
0.000000000000	0.000000000000	0.000000000000	1.000000000000
58	61	-1
0.427512347698	0.421479851007	-0.799742281437	0.993804037571
-0.369628548622	0.888830423355	0.270841658115	-0.762216806412
0.824989676476	0.179819077253	0.535776972771	1.450506806374
0.000000000000	0.000000000000	0.000000000000	1.000000000000
58	62	-1
0.056907601655	0.436162203550	-0.898067057133	1.274807929993
-0.378462255001	0.841813564301	0.384859770536	-0.865586400032
0.923865735531	0.317982971668	0.212976530194	1.585644245148
0.000000000000	0.000000000000	0.000000000000	1.000000000000
59	60	-1
0.942492723465	0.173265993595	-0.285807847977	0.508197665215
-0.152956500649	0.983932554722	0.092095032334	-0.229076430202
0.297172665596	-0.043082796037	0.953851282597	0.360610008240
0.000000000000	0.000000000000	0.000000000000	1.000000000000
59	61	-1
0.724356412888	0.320264548063	-0.610523700714	1.076950550079
-0.285084575415	0.945438206196	0.157713249326	-0.327889561653
0.627722620964	0.059810284525	0.776136219501	0.545394301414
0.000000000000	0.000000000000	0.000000000000	1.000000000000
59	62	-1
0.391847938299	0.407252639532	-0.824984848499	1.394620418549
-0.369531512260	0.890852630138	0.264249622822	-0.410646319389
0.842556238174	0.201312214136	0.499571681023	0.597888946533
0.000000000000	0.000000000000	0.000000000000	1.000000000000
60	61	-1
0.916040062904	0.170216307044	-0.363175570965	0.591709375381
-0.174265280366	0.984456419945	0.021853107959	-0.018146514893
0.361250162125	0.043270565569	0.931464433670	-0.001405596733
0.000000000000	0.000000000000	0.000000000000	1.000000000000
60	62	-1
0.687710046768	0.292646467686	-0.664389312267	0.920975863934
-0.310504585505	0.945793569088	0.095194332302	-0.044219523668
0.656233251095	0.140829637647	0.741299390793	-0.051983594894
0.000000000000	0.000000000000	0.000000000000	1.000000000000
60	63	-1
0.455269038677	0.402581751347	-0.794139742851	0.921324014664
-0.435579121113	0.878620445728	0.195696830750	-0.078988313675
0.776531040668	0.256815940142	0.575364768505	0.057776927948
0.000000000000	0.000000000000	0.000000000000	1.000000000000
61	62	-1
0.919985651970	0.152127981186	-0.361225724220	0.300433874130
-0.160613849759	0.986995041370	0.006609168835	0.040372014046
0.357533693314	0.051937408745	0.932454824448	-0.168260097504
0.000000000000	0.000000000000	0.000000000000	1.000000000000
61	63	-1
0.764207482338	0.291099727154	-0.575541734695	0.375892043114
-0.309051215649	0.948511123657	0.069381646812	0.013099491596
0.566104829311	0.124850019813	0.814823687077	-0.050599217415
0.000000000000	0.000000000000	0.000000000000	1.000000000000
62	63	-1
0.950547516346	0.160414472222	-0.265942931175	0.149013996124
-0.159943521023	0.986844658852	0.023576021194	-0.007527597249
0.266226410866	0.020125711337	0.963700413704	0.081336259842
0.000000000000	0.000000000000	0.000000000000	1.000000000000
62	64	-1
0.934747278690	0.143009975553	-0.325263351202	-0.354636311531
-0.132218837738	0.989684581757	0.055166799575	-0.137528985739
0.329797804356	-0.008561436087	0.944013059139	0.404519319534
0.000000000000	0.000000000000	0.000000000000	1.000000000000
63	64	-1
0.997260212898	-0.023205084726	-0.070248767734	-0.361283689737
0.023544648662	0.999715089798	0.004014641047	-0.171917140484
0.070135682821	-0.005657529924	0.997521519661	0.431470155716
0.000000000000	0.000000000000	0.000000000000	1.000000000000
63	65	-1
0.951302826405	-0.010236312635	-0.308087974787	-0.143832027912
0.011471917853	0.999931871891	0.002198339440	-0.445281475782
0.308044582605	-0.005625535268	0.951355338097	0.920421361923
0.000000000000	0.000000000000	0.000000000000	1.000000000000
64	65	-1
0.993045389652	-0.086960554123	0.079366981983	-0.445054978132
0.091937586665	0.993872404099	-0.061368539929	-0.234864413738
-0.073544241488	0.068238139153	0.994954764843	0.604636192322
0.000000000000	0.000000000000	0.000000000000	1.000000000000
